<?xml version="1.0" encoding="UTF-8"?>
<testng-results skipped="0" failed="2" ignored="0" total="4" passed="2">
  <reporter-output>
  </reporter-output>
  <suite name="Suite" duration-ms="56152" started-at="2019-06-20T07:48:03Z" finished-at="2019-06-20T07:48:59Z">
    <groups>
    </groups>
    <test name="Test3" duration-ms="31693" started-at="2019-06-20T07:48:03Z" finished-at="2019-06-20T07:48:34Z">
      <class name="com.v1.sm.testcases.ValidateContactusTest">
        <test-method status="PASS" signature="setUpFramework()[pri:0, instance:com.v1.sm.testcases.ValidateContactusTest@2a742aa2]" name="setUpFramework" is-config="true" duration-ms="62" started-at="2019-06-20T07:48:03Z" finished-at="2019-06-20T07:48:03Z">
          <reporter-output>
          </reporter-output>
        </test-method> <!-- setUpFramework -->
        <test-method status="PASS" signature="ValidateContactusTest(java.util.Hashtable)[pri:0, instance:com.v1.sm.testcases.ValidateContactusTest@2a742aa2]" name="ValidateContactusTest" duration-ms="25972" started-at="2019-06-20T07:48:04Z" data-provider="masterDP" finished-at="2019-06-20T07:48:30Z">
          <params>
            <param index="0">
              <value>
                <![CDATA[{browser=chrome, Runmode=Y}]]>
              </value>
            </param>
          </params>
          <reporter-output>
          </reporter-output>
        </test-method> <!-- ValidateContactusTest -->
        <test-method status="PASS" signature="TearDown()[pri:0, instance:com.v1.sm.testcases.ValidateContactusTest@2a742aa2]" name="TearDown" is-config="true" duration-ms="4631" started-at="2019-06-20T07:48:30Z" finished-at="2019-06-20T07:48:34Z">
          <reporter-output>
          </reporter-output>
        </test-method> <!-- TearDown -->
      </class> <!-- com.v1.sm.testcases.ValidateContactusTest -->
    </test> <!-- Test3 -->
    <test name="Test2" duration-ms="43497" started-at="2019-06-20T07:48:03Z" finished-at="2019-06-20T07:48:46Z">
      <class name="com.v1.sm.testcases.ValidateAboutusTest">
        <test-method status="FAIL" signature="ValidateAboutusTest(java.util.Hashtable)[pri:0, instance:com.v1.sm.testcases.ValidateAboutusTest@80503]" name="ValidateAboutusTest" duration-ms="27734" started-at="2019-06-20T07:48:04Z" data-provider="masterDP" finished-at="2019-06-20T07:48:31Z">
          <params>
            <param index="0">
              <value>
                <![CDATA[{browser=chrome, Runmode=Y}]]>
              </value>
            </param>
          </params>
          <exception class="java.lang.AssertionError">
            <message>
              <![CDATA[Failing the aboutus Test]]>
            </message>
            <full-stacktrace>
              <![CDATA[java.lang.AssertionError: Failing the aboutus Test
at org.testng.Assert.fail(Assert.java:96)
at com.v1.sm.testcases.ValidateAboutusTest.ValidateAboutusTest(ValidateAboutusTest.java:28)
at sun.reflect.NativeMethodAccessorImpl.invoke0(Native Method)
at sun.reflect.NativeMethodAccessorImpl.invoke(NativeMethodAccessorImpl.java:62)
at sun.reflect.DelegatingMethodAccessorImpl.invoke(DelegatingMethodAccessorImpl.java:43)
at java.lang.reflect.Method.invoke(Method.java:498)
at org.testng.internal.MethodInvocationHelper.invokeMethod(MethodInvocationHelper.java:124)
at org.testng.internal.Invoker.invokeMethod(Invoker.java:583)
at org.testng.internal.Invoker.invokeTestMethod(Invoker.java:719)
at org.testng.internal.TestMethodWithDataProviderMethodWorker.call(TestMethodWithDataProviderMethodWorker.java:71)
at org.testng.internal.TestMethodWithDataProviderMethodWorker.call(TestMethodWithDataProviderMethodWorker.java:14)
at java.util.concurrent.FutureTask.run(FutureTask.java:266)
at java.util.concurrent.Executors$RunnableAdapter.call(Executors.java:511)
at java.util.concurrent.FutureTask.run(FutureTask.java:266)
at java.util.concurrent.ThreadPoolExecutor.runWorker(ThreadPoolExecutor.java:1142)
at java.util.concurrent.ThreadPoolExecutor$Worker.run(ThreadPoolExecutor.java:617)
at java.lang.Thread.run(Thread.java:745)
]]>
            </full-stacktrace>
          </exception> <!-- java.lang.AssertionError -->
          <reporter-output>
          </reporter-output>
        </test-method> <!-- ValidateAboutusTest -->
        <test-method status="PASS" signature="TearDown()[pri:0, instance:com.v1.sm.testcases.ValidateAboutusTest@80503]" name="TearDown" is-config="true" duration-ms="2228" started-at="2019-06-20T07:48:44Z" finished-at="2019-06-20T07:48:46Z">
          <reporter-output>
          </reporter-output>
        </test-method> <!-- TearDown -->
      </class> <!-- com.v1.sm.testcases.ValidateAboutusTest -->
    </test> <!-- Test2 -->
    <test name="Test1" duration-ms="56152" started-at="2019-06-20T07:48:03Z" finished-at="2019-06-20T07:48:59Z">
      <class name="com.v1.sm.testcases.LoginTest">
        <test-method status="PASS" signature="loginTest(java.util.Hashtable)[pri:0, instance:com.v1.sm.testcases.LoginTest@33f88ab]" name="loginTest" duration-ms="53975" started-at="2019-06-20T07:48:04Z" data-provider="masterDP" finished-at="2019-06-20T07:48:58Z">
          <params>
            <param index="0">
              <value>
                <![CDATA[{browser=chrome, password=smac1234, Runmode=Y, username=admin@smac.in}]]>
              </value>
            </param>
          </params>
          <reporter-output>
          </reporter-output>
        </test-method> <!-- loginTest -->
        <test-method status="FAIL" signature="loginTest(java.util.Hashtable)[pri:0, instance:com.v1.sm.testcases.LoginTest@33f88ab]" name="loginTest" duration-ms="29984" started-at="2019-06-20T07:48:04Z" data-provider="masterDP" finished-at="2019-06-20T07:48:34Z">
          <params>
            <param index="0">
              <value>
                <![CDATA[{browser=chrome, password=smac1234, Runmode=Y, username=aradhya@yopmail.com}]]>
              </value>
            </param>
          </params>
          <exception class="org.openqa.selenium.WebDriverException">
            <message>
              <![CDATA[unknown error: Element <a id="button-sign-in" class="btn text-white sm-sign-in middle-right-click-disabled" data-remote="true" data-method="get" href="/users/sign_in">...</a> is not clickable at point (1297, 24). Other element would receive the click: <div class="preloader" style="opacity: 0.58983;">...</div>
  (Session info: chrome=74.0.3729.169)
  (Driver info: chromedriver=2.37.544315 (730aa6a5fdba159ac9f4c1e8cbc59bf1b5ce12b7),platform=Windows NT 10.0.17134 x86_64) (WARNING: The server did not provide any stacktrace information)
Command duration or timeout: 0 milliseconds
Build info: version: '3.141.59', revision: 'e82be7d358', time: '2018-11-14T08:17:03'
System info: host: 'DESKTOP-Q0E3SEM', ip: '10.0.75.1', os.name: 'Windows 10', os.arch: 'amd64', os.version: '10.0', java.version: '1.8.0_91'
Driver info: org.openqa.selenium.chrome.ChromeDriver
Capabilities {acceptInsecureCerts: false, acceptSslCerts: false, applicationCacheEnabled: false, browserConnectionEnabled: false, browserName: chrome, chrome: {chromedriverVersion: 2.37.544315 (730aa6a5fdba15..., userDataDir: C:\Users\EXALOG~1\AppData\L...}, cssSelectorsEnabled: true, databaseEnabled: false, handlesAlerts: true, hasTouchScreen: false, javascriptEnabled: true, locationContextEnabled: true, mobileEmulationEnabled: false, nativeEvents: true, networkConnectionEnabled: false, pageLoadStrategy: normal, platform: XP, platformName: XP, rotatable: false, setWindowRect: true, takesHeapSnapshot: true, takesScreenshot: true, unexpectedAlertBehaviour: , unhandledPromptBehavior: , version: 74.0.3729.169, webStorageEnabled: true}
Session ID: 578d202a70d14879c52453cee812b0d1]]>
            </message>
            <full-stacktrace>
              <![CDATA[org.openqa.selenium.WebDriverException: unknown error: Element <a id="button-sign-in" class="btn text-white sm-sign-in middle-right-click-disabled" data-remote="true" data-method="get" href="/users/sign_in">...</a> is not clickable at point (1297, 24). Other element would receive the click: <div class="preloader" style="opacity: 0.58983;">...</div>
  (Session info: chrome=74.0.3729.169)
  (Driver info: chromedriver=2.37.544315 (730aa6a5fdba159ac9f4c1e8cbc59bf1b5ce12b7),platform=Windows NT 10.0.17134 x86_64) (WARNING: The server did not provide any stacktrace information)
Command duration or timeout: 0 milliseconds
Build info: version: '3.141.59', revision: 'e82be7d358', time: '2018-11-14T08:17:03'
System info: host: 'DESKTOP-Q0E3SEM', ip: '10.0.75.1', os.name: 'Windows 10', os.arch: 'amd64', os.version: '10.0', java.version: '1.8.0_91'
Driver info: org.openqa.selenium.chrome.ChromeDriver
Capabilities {acceptInsecureCerts: false, acceptSslCerts: false, applicationCacheEnabled: false, browserConnectionEnabled: false, browserName: chrome, chrome: {chromedriverVersion: 2.37.544315 (730aa6a5fdba15..., userDataDir: C:\Users\EXALOG~1\AppData\L...}, cssSelectorsEnabled: true, databaseEnabled: false, handlesAlerts: true, hasTouchScreen: false, javascriptEnabled: true, locationContextEnabled: true, mobileEmulationEnabled: false, nativeEvents: true, networkConnectionEnabled: false, pageLoadStrategy: normal, platform: XP, platformName: XP, rotatable: false, setWindowRect: true, takesHeapSnapshot: true, takesScreenshot: true, unexpectedAlertBehaviour: , unhandledPromptBehavior: , version: 74.0.3729.169, webStorageEnabled: true}
Session ID: 578d202a70d14879c52453cee812b0d1
at sun.reflect.NativeConstructorAccessorImpl.newInstance0(Native Method)
at sun.reflect.NativeConstructorAccessorImpl.newInstance(NativeConstructorAccessorImpl.java:62)
at sun.reflect.DelegatingConstructorAccessorImpl.newInstance(DelegatingConstructorAccessorImpl.java:45)
at java.lang.reflect.Constructor.newInstance(Constructor.java:423)
at org.openqa.selenium.remote.ErrorHandler.createThrowable(ErrorHandler.java:214)
at org.openqa.selenium.remote.ErrorHandler.throwIfResponseFailed(ErrorHandler.java:166)
at org.openqa.selenium.remote.http.JsonHttpResponseCodec.reconstructValue(JsonHttpResponseCodec.java:40)
at org.openqa.selenium.remote.http.AbstractHttpResponseCodec.decode(AbstractHttpResponseCodec.java:80)
at org.openqa.selenium.remote.http.AbstractHttpResponseCodec.decode(AbstractHttpResponseCodec.java:44)
at org.openqa.selenium.remote.HttpCommandExecutor.execute(HttpCommandExecutor.java:158)
at org.openqa.selenium.remote.service.DriverCommandExecutor.execute(DriverCommandExecutor.java:83)
at org.openqa.selenium.remote.RemoteWebDriver.execute(RemoteWebDriver.java:552)
at org.openqa.selenium.remote.RemoteWebElement.execute(RemoteWebElement.java:285)
at org.openqa.selenium.remote.RemoteWebElement.click(RemoteWebElement.java:84)
at sun.reflect.NativeMethodAccessorImpl.invoke0(Native Method)
at sun.reflect.NativeMethodAccessorImpl.invoke(NativeMethodAccessorImpl.java:62)
at sun.reflect.DelegatingMethodAccessorImpl.invoke(DelegatingMethodAccessorImpl.java:43)
at java.lang.reflect.Method.invoke(Method.java:498)
at org.openqa.selenium.support.pagefactory.internal.LocatingElementHandler.invoke(LocatingElementHandler.java:51)
at com.sun.proxy.$Proxy8.click(Unknown Source)
at com.v1.sm.PageObjects.BasePage.click(BasePage.java:46)
at com.v1.sm.PageObjects.WebsitePage.gotoLogin(WebsitePage.java:27)
at com.v1.sm.testcases.LoginTest.loginTest(LoginTest.java:36)
at sun.reflect.NativeMethodAccessorImpl.invoke0(Native Method)
at sun.reflect.NativeMethodAccessorImpl.invoke(NativeMethodAccessorImpl.java:62)
at sun.reflect.DelegatingMethodAccessorImpl.invoke(DelegatingMethodAccessorImpl.java:43)
at java.lang.reflect.Method.invoke(Method.java:498)
at org.testng.internal.MethodInvocationHelper.invokeMethod(MethodInvocationHelper.java:124)
at org.testng.internal.Invoker.invokeMethod(Invoker.java:583)
at org.testng.internal.Invoker.invokeTestMethod(Invoker.java:719)
at org.testng.internal.TestMethodWithDataProviderMethodWorker.call(TestMethodWithDataProviderMethodWorker.java:71)
at org.testng.internal.TestMethodWithDataProviderMethodWorker.call(TestMethodWithDataProviderMethodWorker.java:14)
at java.util.concurrent.FutureTask.run(FutureTask.java:266)
at java.util.concurrent.Executors$RunnableAdapter.call(Executors.java:511)
at java.util.concurrent.FutureTask.run(FutureTask.java:266)
at java.util.concurrent.ThreadPoolExecutor.runWorker(ThreadPoolExecutor.java:1142)
at java.util.concurrent.ThreadPoolExecutor$Worker.run(ThreadPoolExecutor.java:617)
at java.lang.Thread.run(Thread.java:745)
]]>
            </full-stacktrace>
          </exception> <!-- org.openqa.selenium.WebDriverException -->
          <reporter-output>
          </reporter-output>
        </test-method> <!-- loginTest -->
        <test-method status="PASS" signature="TearDown()[pri:0, instance:com.v1.sm.testcases.LoginTest@33f88ab]" name="TearDown" is-config="true" duration-ms="2908" started-at="2019-06-20T07:48:44Z" finished-at="2019-06-20T07:48:47Z">
          <reporter-output>
          </reporter-output>
        </test-method> <!-- TearDown -->
        <test-method status="PASS" signature="TearDown()[pri:0, instance:com.v1.sm.testcases.LoginTest@33f88ab]" name="TearDown" is-config="true" duration-ms="1095" started-at="2019-06-20T07:48:58Z" finished-at="2019-06-20T07:48:59Z">
          <reporter-output>
          </reporter-output>
        </test-method> <!-- TearDown -->
      </class> <!-- com.v1.sm.testcases.LoginTest -->
    </test> <!-- Test1 -->
  </suite> <!-- Suite -->
</testng-results>
